<?xml version="1.0" encoding="UTF-8"?>
<!-- Generated by org.testng.reporters.JUnitXMLReporter -->
<testsuite ignored="0" hostname="BA-000095818" failures="0" tests="2" name="Default test" time="4.427" errors="0" timestamp="2022-01-23T19:53:51 IST">
  <testcase classname="Academy.HomePage" name="@BeforeTest intialize" time="4.335">
    <failure type="org.openqa.selenium.SessionNotCreatedException" message="session not created: This version of MSEdgeDriver only supports MSEdge version 93
Current browser version is 97.0.1072.69 with binary path C:\Program Files (x86)\Microsoft\Edge\Application\msedge.exe
Build info: version: &amp;apos;3.14.0&amp;apos;, revision: &amp;apos;aacccce0&amp;apos;, time: &amp;apos;2018-08-02T20:19:58.91Z&amp;apos;
System info: host: &amp;apos;BA-000095818&amp;apos;, ip: &amp;apos;192.168.29.217&amp;apos;, os.name: &amp;apos;Windows 10&amp;apos;, os.arch: &amp;apos;amd64&amp;apos;, os.version: &amp;apos;10.0&amp;apos;, java.version: &amp;apos;16.0.1&amp;apos;
Driver info: driver.version: EdgeDriver
remote stacktrace: Backtrace:
	Ordinal0 [0x00007FF6A58492C2+4821698]
	Ordinal0 [0x00007FF6A54CD543+1168707]
	Ordinal0 [0x00007FF6A54F7059+1339481]
	Ordinal0 [0x00007FF6A54F37E1+1325025]
	Ordinal0 [0x00007FF6A54ECC45+1297477]
	Ordinal0 [0x00007FF6A5527883+1538179]
	Ordinal0 [0x00007FF6A5522B6F+1518447]
	Ordinal0 [0x00007FF6A54F8E8A+1347210]
	Ordinal0 [0x00007FF6A54F9EEF+1351407]
	Ordinal0 [0x00007FF6A55A847D+2065533]
	Ordinal0 [0x00007FF6A555D31A+1757978]
	Ordinal0 [0x00007FF6A573D629+3724841]
	Ordinal0 [0x00007FF6A555EC09+1764361]
	Ordinal0 [0x00007FF6A584C4F8+4834552]
	Ordinal0 [0x00007FF6A584BF64+4833124]
	Ordinal0 [0x00007FF6A584BDB6+4832694]
	Ordinal0 [0x00007FF6A57F908C+4493452]
	BaseThreadInitThunk [0x00007FFEA50D7034+20]
	RtlUserThreadStart [0x00007FFEA53C2651+33]
">
      <![CDATA[org.openqa.selenium.SessionNotCreatedException: session not created: This version of MSEdgeDriver only supports MSEdge version 93
Current browser version is 97.0.1072.69 with binary path C:\Program Files (x86)\Microsoft\Edge\Application\msedge.exe
Build info: version: '3.14.0', revision: 'aacccce0', time: '2018-08-02T20:19:58.91Z'
System info: host: 'BA-000095818', ip: '192.168.29.217', os.name: 'Windows 10', os.arch: 'amd64', os.version: '10.0', java.version: '16.0.1'
Driver info: driver.version: EdgeDriver
remote stacktrace: Backtrace:
Ordinal0 [0x00007FF6A58492C2+4821698]
Ordinal0 [0x00007FF6A54CD543+1168707]
Ordinal0 [0x00007FF6A54F7059+1339481]
Ordinal0 [0x00007FF6A54F37E1+1325025]
Ordinal0 [0x00007FF6A54ECC45+1297477]
Ordinal0 [0x00007FF6A5527883+1538179]
Ordinal0 [0x00007FF6A5522B6F+1518447]
Ordinal0 [0x00007FF6A54F8E8A+1347210]
Ordinal0 [0x00007FF6A54F9EEF+1351407]
Ordinal0 [0x00007FF6A55A847D+2065533]
Ordinal0 [0x00007FF6A555D31A+1757978]
Ordinal0 [0x00007FF6A573D629+3724841]
Ordinal0 [0x00007FF6A555EC09+1764361]
Ordinal0 [0x00007FF6A584C4F8+4834552]
Ordinal0 [0x00007FF6A584BF64+4833124]
Ordinal0 [0x00007FF6A584BDB6+4832694]
Ordinal0 [0x00007FF6A57F908C+4493452]
BaseThreadInitThunk [0x00007FFEA50D7034+20]
RtlUserThreadStart [0x00007FFEA53C2651+33]

at java.base/jdk.internal.reflect.NativeConstructorAccessorImpl.newInstance0(Native Method)
at java.base/jdk.internal.reflect.NativeConstructorAccessorImpl.newInstance(NativeConstructorAccessorImpl.java:78)
at java.base/jdk.internal.reflect.DelegatingConstructorAccessorImpl.newInstance(DelegatingConstructorAccessorImpl.java:45)
at java.base/java.lang.reflect.Constructor.newInstanceWithCaller(Constructor.java:499)
at java.base/java.lang.reflect.Constructor.newInstance(Constructor.java:480)
at org.openqa.selenium.remote.W3CHandshakeResponse.lambda$new$0(W3CHandshakeResponse.java:57)
at org.openqa.selenium.remote.W3CHandshakeResponse.lambda$getResponseFunction$2(W3CHandshakeResponse.java:104)
at org.openqa.selenium.remote.ProtocolHandshake.lambda$createSession$0(ProtocolHandshake.java:122)
at java.base/java.util.stream.ReferencePipeline$3$1.accept(ReferencePipeline.java:197)
at java.base/java.util.Spliterators$ArraySpliterator.tryAdvance(Spliterators.java:958)
at java.base/java.util.stream.ReferencePipeline.forEachWithCancel(ReferencePipeline.java:129)
at java.base/java.util.stream.AbstractPipeline.copyIntoWithCancel(AbstractPipeline.java:502)
at java.base/java.util.stream.AbstractPipeline.copyInto(AbstractPipeline.java:488)
at java.base/java.util.stream.AbstractPipeline.wrapAndCopyInto(AbstractPipeline.java:474)
at java.base/java.util.stream.FindOps$FindOp.evaluateSequential(FindOps.java:150)
at java.base/java.util.stream.AbstractPipeline.evaluate(AbstractPipeline.java:234)
at java.base/java.util.stream.ReferencePipeline.findFirst(ReferencePipeline.java:647)
at org.openqa.selenium.remote.ProtocolHandshake.createSession(ProtocolHandshake.java:125)
at org.openqa.selenium.remote.ProtocolHandshake.createSession(ProtocolHandshake.java:73)
at org.openqa.selenium.remote.HttpCommandExecutor.execute(HttpCommandExecutor.java:136)
at org.openqa.selenium.remote.service.DriverCommandExecutor.execute(DriverCommandExecutor.java:83)
at org.openqa.selenium.remote.RemoteWebDriver.execute(RemoteWebDriver.java:548)
at org.openqa.selenium.remote.RemoteWebDriver.startSession(RemoteWebDriver.java:212)
at org.openqa.selenium.remote.RemoteWebDriver.<init>(RemoteWebDriver.java:130)
at org.openqa.selenium.edge.EdgeDriver.<init>(EdgeDriver.java:141)
at org.openqa.selenium.edge.EdgeDriver.<init>(EdgeDriver.java:96)
at resources.Base.inintializeDriver(Base.java:52)
at Academy.HomePage.intialize(HomePage.java:26)
at java.base/jdk.internal.reflect.NativeMethodAccessorImpl.invoke0(Native Method)
at java.base/jdk.internal.reflect.NativeMethodAccessorImpl.invoke(NativeMethodAccessorImpl.java:78)
at java.base/jdk.internal.reflect.DelegatingMethodAccessorImpl.invoke(DelegatingMethodAccessorImpl.java:43)
at java.base/java.lang.reflect.Method.invoke(Method.java:567)
at org.testng.internal.MethodInvocationHelper.invokeMethod(MethodInvocationHelper.java:133)
at org.testng.internal.MethodInvocationHelper.invokeMethodConsideringTimeout(MethodInvocationHelper.java:62)
at org.testng.internal.ConfigInvoker.invokeConfigurationMethod(ConfigInvoker.java:385)
at org.testng.internal.ConfigInvoker.invokeConfigurations(ConfigInvoker.java:321)
at org.testng.TestRunner.invokeTestConfigurations(TestRunner.java:637)
at org.testng.TestRunner.beforeRun(TestRunner.java:627)
at org.testng.TestRunner.run(TestRunner.java:589)
at org.testng.SuiteRunner.runTest(SuiteRunner.java:377)
at org.testng.SuiteRunner.runSequentially(SuiteRunner.java:371)
at org.testng.SuiteRunner.privateRun(SuiteRunner.java:332)
at org.testng.SuiteRunner.run(SuiteRunner.java:276)
at org.testng.SuiteRunnerWorker.runSuite(SuiteRunnerWorker.java:53)
at org.testng.SuiteRunnerWorker.run(SuiteRunnerWorker.java:96)
at org.testng.TestNG.runSuitesSequentially(TestNG.java:1212)
at org.testng.TestNG.runSuitesLocally(TestNG.java:1134)
at org.testng.TestNG.runSuites(TestNG.java:1063)
at org.testng.TestNG.run(TestNG.java:1031)
at org.testng.remote.AbstractRemoteTestNG.run(AbstractRemoteTestNG.java:115)
at org.testng.remote.RemoteTestNG.initAndRun(RemoteTestNG.java:251)
at org.testng.remote.RemoteTestNG.main(RemoteTestNG.java:77)
]]>
    </failure>
  </testcase> <!-- @BeforeTest intialize -->
  <testcase classname="Academy.HomePage" name="@AfterTest tearDown" time="-1.642947831384E9">
    <skipped/>
  </testcase> <!-- @AfterTest tearDown -->
  <testcase classname="Academy.HomePage" name="basePageNavigation" time="0.0">
    <skipped/>
  </testcase> <!-- basePageNavigation -->
  <testcase classname="Academy.HomePage" name="basePageNavigation" time="0.0">
    <skipped/>
  </testcase> <!-- basePageNavigation -->
</testsuite> <!-- Default test -->
